User Message:
Based on the following data analysis, generate SQL transformations to address the identified issues and implement the suggested improvements:

        Thank you for providing this detailed information about the CSV structure. I'll provide a summary, highlight potential data quality issues, and offer suggestions for data cleaning and normalization.

1. Summary of the data:

This dataset appears to be a voter registration database, likely for a county or state in North Carolina. It contains 168,660 records with 30 columns, including personal information (name, address, phone number), demographic data (age, race, gender), voting-related information (registration date, party affiliation), and various jurisdiction codes.

Key features:
- Unique identifiers: OBJECTID and VoterRegistrationNumber
- Personal information: Name (split into multiple fields), address (residential and mailing), phone number
- Demographic data: Age, race, gender
- Voting information: Registration date, party affiliation, status code
- Jurisdiction information: Various district codes for different levels of government

2. Potential data quality issues:

a. Missing data:
- NameMiddle: 9,348 null values
- NameSuffix: 162,138 null values (96% of records)
- ResidentialAddressUnit: 143,147 null values (85% of records)
- JurisdictionMunicipalityCode: 92,880 null values (55% of records)
- JurisdictionWaterDistrictCode: 165,047 null values (98% of records)
- TelephoneFullNumber: 30,152 null values (18% of records)

b. Inconsistent data types:
- RegistrationDate is stored as an object (string) instead of a date type
- Some numeric fields (e.g., JurisdictionPrecinctCode, ResidentialAddressZipCode) are stored as floats instead of integers

c. Potential data integrity issues:
- TelephoneFullNumber is stored as a float, which may lead to precision loss
- Some jurisdiction codes have 293 null values consistently across multiple fields

d. Possible duplicate records:
- Check for duplicate VoterRegistrationNumber values

3. Suggestions for data cleaning and normalization:

a. Handle missing data:
- Investigate the reason for missing values, especially in fields like NameMiddle, NameSuffix, and ResidentialAddressUnit
- Consider if null values in jurisdiction fields represent "Not Applicable" or truly missing data
- Decide on an appropriate strategy for handling missing values (e.g., imputation, deletion, or leaving as-is)

b. Correct data types:
- Convert RegistrationDate to a proper date type
- Change integer-like float fields (e.g., JurisdictionPrecinctCode, ResidentialAddressZipCode) to integer type
- Store TelephoneFullNumber as a string to preserve leading zeros and avoid float precision issues

c. Normalize address data:
- Split ResidentialAddressCityStateZip into separate fields for city, state, and ZIP code
- Do the same for MailingAddressCityStateZip
- Ensure consistency in address formatting

d. Standardize codes:
- Create lookup tables for codes (e.g., StatusCode, PartyCode, RaceCode, GenderCode) to ensure data integrity and ease of use

e. Validate data:
- Ensure age values are within a reasonable range
- Verify that ZIP codes are valid
- Check for any inconsistencies between residential and mailing addresses

f. Handle potential duplicates:
- Identify and resolve any duplicate VoterRegistrationNumber entries

g. Consider data anonymization:
- If this data is to be used for analysis purposes, consider anonymizing personal information to protect voter privacy

h. Optimize storage:
- Use appropriate data types to minimize storage requirements (e.g., use smaller integer types where possible)

i. Create indexes:
- Add indexes on frequently queried fields like VoterRegistrationNumber, NameLast, and ZIP codes to improve query performance

By addressing these issues and implementing these suggestions, you can improve the overall quality, usability, and efficiency of the dataset for analysis and other purposes.

        Please provide:
        1. SQL statements for data cleaning
        2. SQL statements for data normalization
        3. Any additional SQL transformations that would improve data quality

AI Response:
Certainly! I'll provide SQL statements for data cleaning, normalization, and additional transformations to improve data quality based on the analysis. We'll assume the table is named "voter_registration" for these examples.

1. SQL statements for data cleaning:

```sql
-- Convert RegistrationDate to proper date type
ALTER TABLE voter_registration
ALTER COLUMN RegistrationDate TYPE DATE
USING TO_DATE(RegistrationDate, 'YYYY-MM-DD');

-- Convert integer-like float fields to integer type
ALTER TABLE voter_registration
ALTER COLUMN JurisdictionPrecinctCode TYPE INTEGER
USING JurisdictionPrecinctCode::INTEGER;

ALTER TABLE voter_registration
ALTER COLUMN ResidentialAddressZipCode TYPE INTEGER
USING ResidentialAddressZipCode::INTEGER;

-- Store TelephoneFullNumber as string
ALTER TABLE voter_registration
ALTER COLUMN TelephoneFullNumber TYPE VARCHAR(20)
USING TelephoneFullNumber::VARCHAR(20);

-- Handle missing values in NameMiddle and NameSuffix
UPDATE voter_registration
SET NameMiddle = ''
WHERE NameMiddle IS NULL;

UPDATE voter_registration
SET NameSuffix = ''
WHERE NameSuffix IS NULL;

-- Set a default value for missing ResidentialAddressUnit
UPDATE voter_registration
SET ResidentialAddressUnit = 'N/A'
WHERE ResidentialAddressUnit IS NULL;

-- Handle missing jurisdiction codes
UPDATE voter_registration
SET JurisdictionMunicipalityCode = 'N/A'
WHERE JurisdictionMunicipalityCode IS NULL;

UPDATE voter_registration
SET JurisdictionWaterDistrictCode = 'N/A'
WHERE JurisdictionWaterDistrictCode IS NULL;
```

2. SQL statements for data normalization:

```sql
-- Create lookup tables for codes
CREATE TABLE status_codes (
    code VARCHAR(2) PRIMARY KEY,
    description VARCHAR(50)
);

CREATE TABLE party_codes (
    code VARCHAR(3) PRIMARY KEY,
    party_name VARCHAR(50)
);

CREATE TABLE race_codes (
    code VARCHAR(2) PRIMARY KEY,
    race_description VARCHAR(50)
);

CREATE TABLE gender_codes (
    code CHAR(1) PRIMARY KEY,
    gender_description VARCHAR(20)
);

-- Split address fields
ALTER TABLE voter_registration
ADD COLUMN ResidentialCity VARCHAR(50),
ADD COLUMN ResidentialState CHAR(2),
ADD COLUMN ResidentialZipCode INTEGER;

UPDATE voter_registration
SET 
    ResidentialCity = SPLIT_PART(ResidentialAddressCityStateZip, ', ', 1),
    ResidentialState = SPLIT_PART(SPLIT_PART(ResidentialAddressCityStateZip, ', ', 2), ' ', 1),
    ResidentialZipCode = SPLIT_PART(SPLIT_PART(ResidentialAddressCityStateZip, ', ', 2), ' ', 2)::INTEGER;

ALTER TABLE voter_registration
ADD COLUMN MailingCity VARCHAR(50),
ADD COLUMN MailingState CHAR(2),
ADD COLUMN MailingZipCode INTEGER;

UPDATE voter_registration
SET 
    MailingCity = SPLIT_PART(MailingAddressCityStateZip, ', ', 1),
    MailingState = SPLIT_PART(SPLIT_PART(MailingAddressCityStateZip, ', ', 2), ' ', 1),
    MailingZipCode = SPLIT_PART(SPLIT_PART(MailingAddressCityStateZip, ', ', 2), ' ', 2)::INTEGER;

-- Remove original combined address fields
ALTER TABLE voter_registration
DROP COLUMN ResidentialAddressCityStateZip,
DROP COLUMN MailingAddressCityStateZip;
```

3. Additional SQL transformations to improve data quality:

```sql
-- Create a unique index on VoterRegistrationNumber
CREATE UNIQUE INDEX idx_voter_registration_number 
ON voter_registration (VoterRegistrationNumber);

-- Create indexes on frequently queried fields
CREATE INDEX idx_name_last ON voter_registration (NameLast);
CREATE INDEX idx_residential_zip ON voter_registration