User Message:
Based on the following data analysis, generate SQL transformations to address the identified issues and implement the suggested improvements:

        Thank you for providing this detailed information about the CSV structure. I'll analyze it and provide insights as requested.

1. Summary of the data:

This dataset appears to be a voter registration database, likely for a specific county or region in North Carolina. It contains 168,660 records with 30 columns, including personal information, address details, and various jurisdiction codes. The data includes:

- Voter identification (OBJECTID, VoterRegistrationNumber)
- Personal details (Name, Age, Gender, Race, Party affiliation)
- Address information (Residential and Mailing)
- Registration status and date
- Various jurisdiction codes (Precinct, Congressional District, Senate District, etc.)
- Contact information (Telephone number)

2. Potential data quality issues:

a) All columns are of dtype('O') (object), which suggests they're all being treated as strings. This could lead to issues with numerical operations and sorting.

b) High number of null values in several columns:
   - NameSuffix (96.1% null)
   - ResidentialAddressUnit (84.9% null)
   - JurisdictionWaterDistrictCode (97.9% null)
   - JurisdictionMunicipalityCode (55.1% null)
   - NameMiddle (5.5% null)

c) Inconsistent formatting in some fields:
   - JurisdictionPrecinctCode contains decimal values (e.g., '52.09999847')
   - RegistrationDate appears to be in a timestamp format

d) Possible data entry errors or inconsistencies:
   - 3 missing values in NameFirst
   - 12 missing values in ResidentialAddressStreet and ResidentialAddressZipCode

e) Redundant information:
   - NameLastFirstMiddle contains information already present in separate fields

3. Suggestions for data cleaning and normalization:

a) Data type conversion:
   - Convert numerical fields to appropriate types (int or float):
     OBJECTID, VoterRegistrationNumber, AgeAtYearEnd, ResidentialAddressStreetNumber, ResidentialAddressZipCode, TelephoneFullNumber
   - Convert date fields to datetime:
     RegistrationDate

b) Handle null values:
   - For fields like NameSuffix, ResidentialAddressUnit, and JurisdictionWaterDistrictCode, consider if these nulls are meaningful (e.g., no suffix) or if they should be filled with a placeholder like 'N/A'
   - Investigate and potentially remove records with missing crucial information (e.g., NameFirst, ResidentialAddressStreet)

c) Standardize formats:
   - Clean up JurisdictionPrecinctCode to remove unnecessary decimal places
   - Ensure consistent capitalization in text fields (e.g., names, addresses)

d) Address normalization:
   - Split ResidentialAddressCityStateZip and MailingAddressCityStateZip into separate City, State, and ZIP fields for easier querying and analysis

e) Remove redundant information:
   - Consider dropping NameLastFirstMiddle as it's redundant with individual name fields

f) Data validation:
   - Implement checks for valid codes (e.g., PartyCode, RaceCode, GenderCode)
   - Validate phone numbers for correct format

g) Create lookup tables:
   - For codes like PartyCode, RaceCode, and various jurisdiction codes, create separate lookup tables to normalize the database structure

h) Index creation:
   - Create appropriate indexes on frequently queried fields like VoterRegistrationNumber, NameLast, and ZIP codes to improve query performance

By implementing these suggestions, you can significantly improve the data quality, queryability, and overall structure of this voter registration database.

        Please provide:
        1. SQL statements for data cleaning
        2. SQL statements for data normalization
        3. Any additional SQL transformations that would improve data quality

AI Response:
Certainly! I'll provide SQL statements for data cleaning, normalization, and additional transformations to improve data quality based on the analysis. We'll assume the table is named "voter_registration" for these examples.

1. SQL statements for data cleaning:

```sql
-- Convert numerical fields to appropriate types
ALTER TABLE voter_registration
ALTER COLUMN OBJECTID TYPE INTEGER USING (OBJECTID::INTEGER),
ALTER COLUMN VoterRegistrationNumber TYPE INTEGER USING (VoterRegistrationNumber::INTEGER),
ALTER COLUMN AgeAtYearEnd TYPE INTEGER USING (AgeAtYearEnd::INTEGER),
ALTER COLUMN ResidentialAddressStreetNumber TYPE INTEGER USING (ResidentialAddressStreetNumber::INTEGER),
ALTER COLUMN ResidentialAddressZipCode TYPE INTEGER USING (ResidentialAddressZipCode::INTEGER),
ALTER COLUMN TelephoneFullNumber TYPE BIGINT USING (TelephoneFullNumber::BIGINT);

-- Convert date fields to datetime
ALTER TABLE voter_registration
ALTER COLUMN RegistrationDate TYPE DATE USING (RegistrationDate::DATE);

-- Clean up JurisdictionPrecinctCode
UPDATE voter_registration
SET JurisdictionPrecinctCode = ROUND(JurisdictionPrecinctCode::NUMERIC, 0)::TEXT;

-- Standardize capitalization in text fields
UPDATE voter_registration
SET NameLast = INITCAP(NameLast),
    NameFirst = INITCAP(NameFirst),
    NameMiddle = INITCAP(NameMiddle),
    ResidentialAddressStreet = INITCAP(ResidentialAddressStreet),
    ResidentialAddressCity = INITCAP(ResidentialAddressCity);

-- Handle null values
UPDATE voter_registration
SET NameSuffix = COALESCE(NameSuffix, 'N/A'),
    ResidentialAddressUnit = COALESCE(ResidentialAddressUnit, 'N/A'),
    JurisdictionWaterDistrictCode = COALESCE(JurisdictionWaterDistrictCode, 'N/A'),
    JurisdictionMunicipalityCode = COALESCE(JurisdictionMunicipalityCode, 'N/A');

-- Remove records with missing crucial information
DELETE FROM voter_registration
WHERE NameFirst IS NULL OR ResidentialAddressStreet IS NULL OR ResidentialAddressZipCode IS NULL;
```

2. SQL statements for data normalization:

```sql
-- Split ResidentialAddressCityStateZip into separate fields
ALTER TABLE voter_registration
ADD COLUMN ResidentialCity VARCHAR(100),
ADD COLUMN ResidentialState CHAR(2),
ADD COLUMN ResidentialZip VARCHAR(10);

UPDATE voter_registration
SET ResidentialCity = SPLIT_PART(ResidentialAddressCityStateZip, ', ', 1),
    ResidentialState = SPLIT_PART(SPLIT_PART(ResidentialAddressCityStateZip, ', ', 2), ' ', 1),
    ResidentialZip = SPLIT_PART(SPLIT_PART(ResidentialAddressCityStateZip, ', ', 2), ' ', 2);

-- Split MailingAddressCityStateZip into separate fields
ALTER TABLE voter_registration
ADD COLUMN MailingCity VARCHAR(100),
ADD COLUMN MailingState CHAR(2),
ADD COLUMN MailingZip VARCHAR(10);

UPDATE voter_registration
SET MailingCity = SPLIT_PART(MailingAddressCityStateZip, ', ', 1),
    MailingState = SPLIT_PART(SPLIT_PART(MailingAddressCityStateZip, ', ', 2), ' ', 1),
    MailingZip = SPLIT_PART(SPLIT_PART(MailingAddressCityStateZip, ', ', 2), ' ', 2);

-- Create lookup tables for codes
CREATE TABLE party_codes (
    code VARCHAR(3) PRIMARY KEY,
    description VARCHAR(50)
);

CREATE TABLE race_codes (
    code VARCHAR(3) PRIMARY KEY,
    description VARCHAR(50)
);

CREATE TABLE gender_codes (
    code CHAR(1) PRIMARY KEY