User Message:
Analyze the following CSV structure and provide insights:
        
        Columns: ['OBJECTID', 'VoterRegistrationNumber', 'NameLastFirstMiddle', 'NameLast', 'NameFirst', 'NameMiddle', 'NameSuffix', 'StatusCode', 'PartyCode', 'RaceCode', 'GenderCode', 'AgeAtYearEnd', 'RegistrationDate', 'ResidentialAddressStreetNumber', 'ResidentialAddressStreet', 'ResidentialAddressUnit', 'ResidentialAddressCityStateZip', 'ResidentialAddressZipCode', 'MailingAddressLine1', 'MailingAddressCityStateZip', 'JurisdictionPrecinctCode', 'JurisdictionMunicipalityCode', 'JurisdictionCongDisCode', 'JurisdictionJudicialDisCode', 'JurisdictionNCSenateDisCode', 'JurisdictionNCHouseDisCode', 'JurisdictionCountyCommDisCode', 'JurisdictionSchoolDistrictCode', 'TelephoneFullNumber', 'JurisdictionWaterDistrictCode']
        Data Types: {'OBJECTID': dtype('int64'), 'VoterRegistrationNumber': dtype('int64'), 'NameLastFirstMiddle': dtype('O'), 'NameLast': dtype('O'), 'NameFirst': dtype('O'), 'NameMiddle': dtype('O'), 'NameSuffix': dtype('O'), 'StatusCode': dtype('O'), 'PartyCode': dtype('O'), 'RaceCode': dtype('O'), 'GenderCode': dtype('O'), 'AgeAtYearEnd': dtype('int64'), 'RegistrationDate': dtype('O'), 'ResidentialAddressStreetNumber': dtype('O'), 'ResidentialAddressStreet': dtype('O'), 'ResidentialAddressUnit': dtype('O'), 'ResidentialAddressCityStateZip': dtype('O'), 'ResidentialAddressZipCode': dtype('O'), 'MailingAddressLine1': dtype('O'), 'MailingAddressCityStateZip': dtype('O'), 'JurisdictionPrecinctCode': dtype('O'), 'JurisdictionMunicipalityCode': dtype('O'), 'JurisdictionCongDisCode': dtype('O'), 'JurisdictionJudicialDisCode': dtype('O'), 'JurisdictionNCSenateDisCode': dtype('O'), 'JurisdictionNCHouseDisCode': dtype('O'), 'JurisdictionCountyCommDisCode': dtype('O'), 'JurisdictionSchoolDistrictCode': dtype('O'), 'TelephoneFullNumber': dtype('O'), 'JurisdictionWaterDistrictCode': dtype('O')}
        Sample Data: {'OBJECTID': {0: 1, 1: 2, 2: 3, 3: 4, 4: 5}, 'VoterRegistrationNumber': {0: 378389, 1: 381829, 2: 425478, 3: 425477, 4: 429468}, 'NameLastFirstMiddle': {0: 'A-AKERT, DIANE FAE', 1: 'A-AKERT, WALTER DEAN', 2: 'AAB, KERRI', 3: 'AAB, RICHARD EDWARD', 4: 'AABYE, MEREDITH MICHELLE'}, 'NameLast': {0: 'A-AKERT', 1: 'A-AKERT', 2: 'AAB', 3: 'AAB', 4: 'AABYE'}, 'NameFirst': {0: 'DIANE', 1: 'WALTER', 2: 'KERRI', 3: 'RICHARD', 4: 'MEREDITH'}, 'NameMiddle': {0: 'FAE', 1: 'DEAN', 2: None, 3: 'EDWARD', 4: 'MICHELLE'}, 'NameSuffix': {0: None, 1: None, 2: None, 3: None, 4: None}, 'StatusCode': {0: 'A', 1: 'A', 2: 'A', 3: 'A', 4: 'A'}, 'PartyCode': {0: 'DEM', 1: 'DEM', 2: 'UNA', 3: 'UNA', 4: 'UNA'}, 'RaceCode': {0: 'W', 1: 'W', 2: 'W', 3: 'W', 4: 'W'}, 'GenderCode': {0: 'F', 1: 'M', 2: 'F', 3: 'M', 4: 'F'}, 'AgeAtYearEnd': {0: 68, 1: 72, 2: 50, 3: 43, 4: 43}, 'RegistrationDate': {0: '2012/09/18 00:00:00+00', 1: '2012/10/11 00:00:00+00', 2: '2016/03/16 00:00:00+00', 3: '2016/03/16 00:00:00+00', 4: '2016/06/24 00:00:00+00'}, 'ResidentialAddressStreetNumber': {0: '5', 1: '5', 2: '67', 3: '67', 4: '134'}, 'ResidentialAddressStreet': {0: 'CARTER HILL DR', 1: 'CARTER HILL DR', 2: 'MAGNOLIA FARMS DR', 3: 'MAGNOLIA FARMS DR', 4: 'HEMPHILL RD'}, 'ResidentialAddressUnit': {0: None, 1: None, 2: None, 3: None, 4: None}, 'ResidentialAddressCityStateZip': {0: 'LEICESTER, NC 28748', 1: 'LEICESTER, NC 28748', 2: 'ASHEVILLE, NC 28806', 3: 'ASHEVILLE, NC 28806', 4: 'ASHEVILLE, NC 28803'}, 'ResidentialAddressZipCode': {0: 28748.0, 1: 28748.0, 2: 28806.0, 3: 28806.0, 4: 28803.0}, 'MailingAddressLine1': {0: '5 CARTER HILL DR', 1: '5 CARTER HILL DR', 2: '67 MAGNOLIA FARMS DR', 3: '67 MAGNOLIA FARMS DR', 4: '134 HEMPHILL RD'}, 'MailingAddressCityStateZip': {0: 'LEICESTER, NC 28748', 1: 'LEICESTER, NC 28748', 2: 'ASHEVILLE, NC 28806', 3: 'ASHEVILLE, NC 28806', 4: 'ASHEVILLE, NC 28803'}, 'JurisdictionPrecinctCode': {0: 52.09999847, 1: 52.09999847, 2: 68.09999847, 3: 68.09999847, 4: 60.20000076}, 'JurisdictionMunicipalityCode': {0: None, 1: None, 2: None, 3: None, 4: None}, 'JurisdictionCongDisCode': {0: 11.0, 1: 11.0, 2: 11.0, 3: 11.0, 4: 11.0}, 'JurisdictionJudicialDisCode': {0: 40.0, 1: 40.0, 2: 40.0, 3: 40.0, 4: 40.0}, 'JurisdictionNCSenateDisCode': {0: 46.0, 1: 46.0, 2: 46.0, 3: 46.0, 4: 49.0}, 'JurisdictionNCHouseDisCode': {0: 115.0, 1: 115.0, 2: 115.0, 3: 115.0, 4: 114.0}, 'JurisdictionCountyCommDisCode': {0: 'COM2', 1: 'COM2', 2: 'COM2', 3: 'COM2', 4: 'COM1'}, 'JurisdictionSchoolDistrictCode': {0: 'ERWN', 1: 'ERWN', 2: 'ERWN', 3: 'ERWN', 4: 'REYN'}, 'TelephoneFullNumber': {0: 8285150626.0, 1: 8285150626.0, 2: 8287472580.0, 3: 8282602645.0, 4: 8283298755.0}, 'JurisdictionWaterDistrictCode': {0: None, 1: None, 2: None, 3: None, 4: None}}
        Null Counts: {'OBJECTID': 0, 'VoterRegistrationNumber': 0, 'NameLastFirstMiddle': 0, 'NameLast': 0, 'NameFirst': 3, 'NameMiddle': 9348, 'NameSuffix': 162138, 'StatusCode': 0, 'PartyCode': 0, 'RaceCode': 0, 'GenderCode': 1, 'AgeAtYearEnd': 0, 'RegistrationDate': 0, 'ResidentialAddressStreetNumber': 0, 'ResidentialAddressStreet': 12, 'ResidentialAddressUnit': 143147, 'ResidentialAddressCityStateZip': 0, 'ResidentialAddressZipCode': 12, 'MailingAddressLine1': 64, 'MailingAddressCityStateZip': 0, 'JurisdictionPrecinctCode': 293, 'JurisdictionMunicipalityCode': 92880, 'JurisdictionCongDisCode': 293, 'JurisdictionJudicialDisCode': 293, 'JurisdictionNCSenateDisCode': 293, 'JurisdictionNCHouseDisCode': 293, 'JurisdictionCountyCommDisCode': 293, 'JurisdictionSchoolDistrictCode': 293, 'TelephoneFullNumber': 30152, 'JurisdictionWaterDistrictCode': 165047}
        Row Count: 168660
        
        Please provide:
        1. A summary of the data
        2. Potential data quality issues
        3. Suggestions for data cleaning and normalization

AI Response:
Thank you for providing this detailed information about the CSV structure. I'll analyze it and provide insights as requested.

1. Summary of the data:

This dataset appears to be a voter registration database, likely for a county or state in North Carolina. It contains 168,660 records with 30 columns, including personal information, address details, and various jurisdiction codes. The data includes:

- Voter identification (OBJECTID, VoterRegistrationNumber)
- Personal details (Name, Status, Party affiliation, Race, Gender, Age)
- Address information (Residential and Mailing)
- Various jurisdiction codes (Precinct, Municipality, Congressional District, etc.)
- Contact information (Telephone number)

2. Potential data quality issues:

a) Missing values:
   - NameMiddle: 9,348 null values (5.5% of records)
   - NameSuffix: 162,138 null values (96.1% of records)
   - ResidentialAddressUnit: 143,147 null values (84.9% of records)
   - JurisdictionMunicipalityCode: 92,880 null values (55.1% of records)
   - TelephoneFullNumber: 30,152 null values (17.9% of records)
   - JurisdictionWaterDistrictCode: 165,047 null values (97.9% of records)

b) Inconsistent data types:
   - RegistrationDate is stored as an object (string) instead of a datetime type
   - JurisdictionPrecinctCode is stored as a float instead of an integer or string
   - ResidentialAddressZipCode is stored as a float instead of a string or integer
   - TelephoneFullNumber is stored as a float instead of a string

c) Potential data integrity issues:
   - Some jurisdiction codes (PrecinctCode, CongDisCode, etc.) have 293 null values consistently
   - GenderCode has 1 null value, which should be investigated

3. Suggestions for data cleaning and normalization:

a) Handle missing values:
   - For columns like NameMiddle, NameSuffix, and ResidentialAddressUnit, consider if null values are acceptable or if they should be filled with a placeholder (e.g., "N/A").
   - Investigate the reason for missing JurisdictionMunicipalityCode and consider if it's related to rural areas.
   - For TelephoneFullNumber, decide if missing values are acceptable or if they should be collected.
   - For JurisdictionWaterDistrictCode, determine if this field is relevant for all voters or if it can be removed.

b) Data type conversions:
   - Convert RegistrationDate to a datetime type for easier date-based operations.
   - Convert JurisdictionPrecinctCode to an appropriate integer or string type.
   - Convert ResidentialAddressZipCode to a string to preserve leading zeros.
   - Convert TelephoneFullNumber to a string and format it consistently (e.g., (XXX) XXX-XXXX).

c) Data normalization:
   - Consider splitting ResidentialAddressCityStateZip into separate columns for City, State, and Zip.
   - Normalize address fields to ensure consistency (e.g., standardize abbreviations like "St." vs "Street").
   - Create a separate table for jurisdiction codes to reduce redundancy and improve data integrity.

d) Data validation:
   - Implement checks for valid age ranges, zip codes, and phone numbers.
   - Ensure all StatusCode, PartyCode, RaceCode, and GenderCode values are within expected ranges.
   - Verify that RegistrationDate is not in the future and is within a reasonable range.

e) Indexing:
   - Create indexes on frequently queried columns like VoterRegistrationNumber, NameLast, and ZipCode to improve query performance.

f) Documentation:
   - Create a data dictionary explaining the meaning of each column and any codes used (e.g., StatusCode, PartyCode).
   - Document any data cleaning and normalization steps taken for future reference.

By implementing these suggestions, you can improve the overall quality, consistency, and usability of the voter registration dataset.