User Message:
Analyze the following CSV structure and provide insights:
        
        Columns: ['OBJECTID', 'VoterRegistrationNumber', 'NameLastFirstMiddle', 'NameLast', 'NameFirst', 'NameMiddle', 'NameSuffix', 'StatusCode', 'PartyCode', 'RaceCode', 'GenderCode', 'AgeAtYearEnd', 'RegistrationDate', 'ResidentialAddressStreetNumber', 'ResidentialAddressStreet', 'ResidentialAddressUnit', 'ResidentialAddressCityStateZip', 'ResidentialAddressZipCode', 'MailingAddressLine1', 'MailingAddressCityStateZip', 'JurisdictionPrecinctCode', 'JurisdictionMunicipalityCode', 'JurisdictionCongDisCode', 'JurisdictionJudicialDisCode', 'JurisdictionNCSenateDisCode', 'JurisdictionNCHouseDisCode', 'JurisdictionCountyCommDisCode', 'JurisdictionSchoolDistrictCode', 'TelephoneFullNumber', 'JurisdictionWaterDistrictCode']
        Data Types: {'OBJECTID': dtype('O'), 'VoterRegistrationNumber': dtype('O'), 'NameLastFirstMiddle': dtype('O'), 'NameLast': dtype('O'), 'NameFirst': dtype('O'), 'NameMiddle': dtype('O'), 'NameSuffix': dtype('O'), 'StatusCode': dtype('O'), 'PartyCode': dtype('O'), 'RaceCode': dtype('O'), 'GenderCode': dtype('O'), 'AgeAtYearEnd': dtype('O'), 'RegistrationDate': dtype('O'), 'ResidentialAddressStreetNumber': dtype('O'), 'ResidentialAddressStreet': dtype('O'), 'ResidentialAddressUnit': dtype('O'), 'ResidentialAddressCityStateZip': dtype('O'), 'ResidentialAddressZipCode': dtype('O'), 'MailingAddressLine1': dtype('O'), 'MailingAddressCityStateZip': dtype('O'), 'JurisdictionPrecinctCode': dtype('O'), 'JurisdictionMunicipalityCode': dtype('O'), 'JurisdictionCongDisCode': dtype('O'), 'JurisdictionJudicialDisCode': dtype('O'), 'JurisdictionNCSenateDisCode': dtype('O'), 'JurisdictionNCHouseDisCode': dtype('O'), 'JurisdictionCountyCommDisCode': dtype('O'), 'JurisdictionSchoolDistrictCode': dtype('O'), 'TelephoneFullNumber': dtype('O'), 'JurisdictionWaterDistrictCode': dtype('O')}
        Sample Data: {'OBJECTID': {0: '1', 1: '2', 2: '3', 3: '4', 4: '5'}, 'VoterRegistrationNumber': {0: '378389', 1: '381829', 2: '425478', 3: '425477', 4: '429468'}, 'NameLastFirstMiddle': {0: 'A-AKERT, DIANE FAE', 1: 'A-AKERT, WALTER DEAN', 2: 'AAB, KERRI', 3: 'AAB, RICHARD EDWARD', 4: 'AABYE, MEREDITH MICHELLE'}, 'NameLast': {0: 'A-AKERT', 1: 'A-AKERT', 2: 'AAB', 3: 'AAB', 4: 'AABYE'}, 'NameFirst': {0: 'DIANE', 1: 'WALTER', 2: 'KERRI', 3: 'RICHARD', 4: 'MEREDITH'}, 'NameMiddle': {0: 'FAE', 1: 'DEAN', 2: None, 3: 'EDWARD', 4: 'MICHELLE'}, 'NameSuffix': {0: None, 1: None, 2: None, 3: None, 4: None}, 'StatusCode': {0: 'A', 1: 'A', 2: 'A', 3: 'A', 4: 'A'}, 'PartyCode': {0: 'DEM', 1: 'DEM', 2: 'UNA', 3: 'UNA', 4: 'UNA'}, 'RaceCode': {0: 'W', 1: 'W', 2: 'W', 3: 'W', 4: 'W'}, 'GenderCode': {0: 'F', 1: 'M', 2: 'F', 3: 'M', 4: 'F'}, 'AgeAtYearEnd': {0: '68', 1: '72', 2: '50', 3: '43', 4: '43'}, 'RegistrationDate': {0: '2012/09/18 00:00:00+00', 1: '2012/10/11 00:00:00+00', 2: '2016/03/16 00:00:00+00', 3: '2016/03/16 00:00:00+00', 4: '2016/06/24 00:00:00+00'}, 'ResidentialAddressStreetNumber': {0: '5', 1: '5', 2: '67', 3: '67', 4: '134'}, 'ResidentialAddressStreet': {0: 'CARTER HILL DR', 1: 'CARTER HILL DR', 2: 'MAGNOLIA FARMS DR', 3: 'MAGNOLIA FARMS DR', 4: 'HEMPHILL RD'}, 'ResidentialAddressUnit': {0: None, 1: None, 2: None, 3: None, 4: None}, 'ResidentialAddressCityStateZip': {0: 'LEICESTER, NC 28748', 1: 'LEICESTER, NC 28748', 2: 'ASHEVILLE, NC 28806', 3: 'ASHEVILLE, NC 28806', 4: 'ASHEVILLE, NC 28803'}, 'ResidentialAddressZipCode': {0: '28748', 1: '28748', 2: '28806', 3: '28806', 4: '28803'}, 'MailingAddressLine1': {0: '5 CARTER HILL DR', 1: '5 CARTER HILL DR', 2: '67 MAGNOLIA FARMS DR', 3: '67 MAGNOLIA FARMS DR', 4: '134 HEMPHILL RD'}, 'MailingAddressCityStateZip': {0: 'LEICESTER, NC 28748', 1: 'LEICESTER, NC 28748', 2: 'ASHEVILLE, NC 28806', 3: 'ASHEVILLE, NC 28806', 4: 'ASHEVILLE, NC 28803'}, 'JurisdictionPrecinctCode': {0: '52.09999847', 1: '52.09999847', 2: '68.09999847', 3: '68.09999847', 4: '60.20000076'}, 'JurisdictionMunicipalityCode': {0: None, 1: None, 2: None, 3: None, 4: None}, 'JurisdictionCongDisCode': {0: '11', 1: '11', 2: '11', 3: '11', 4: '11'}, 'JurisdictionJudicialDisCode': {0: '40', 1: '40', 2: '40', 3: '40', 4: '40'}, 'JurisdictionNCSenateDisCode': {0: '46', 1: '46', 2: '46', 3: '46', 4: '49'}, 'JurisdictionNCHouseDisCode': {0: '115', 1: '115', 2: '115', 3: '115', 4: '114'}, 'JurisdictionCountyCommDisCode': {0: 'COM2', 1: 'COM2', 2: 'COM2', 3: 'COM2', 4: 'COM1'}, 'JurisdictionSchoolDistrictCode': {0: 'ERWN', 1: 'ERWN', 2: 'ERWN', 3: 'ERWN', 4: 'REYN'}, 'TelephoneFullNumber': {0: '8285150626', 1: '8285150626', 2: '8287472580', 3: '8282602645', 4: '8283298755'}, 'JurisdictionWaterDistrictCode': {0: None, 1: None, 2: None, 3: None, 4: None}}
        Null Counts: {'OBJECTID': 0, 'VoterRegistrationNumber': 0, 'NameLastFirstMiddle': 0, 'NameLast': 0, 'NameFirst': 3, 'NameMiddle': 9348, 'NameSuffix': 162138, 'StatusCode': 0, 'PartyCode': 0, 'RaceCode': 0, 'GenderCode': 1, 'AgeAtYearEnd': 0, 'RegistrationDate': 0, 'ResidentialAddressStreetNumber': 0, 'ResidentialAddressStreet': 12, 'ResidentialAddressUnit': 143147, 'ResidentialAddressCityStateZip': 0, 'ResidentialAddressZipCode': 12, 'MailingAddressLine1': 64, 'MailingAddressCityStateZip': 0, 'JurisdictionPrecinctCode': 293, 'JurisdictionMunicipalityCode': 92880, 'JurisdictionCongDisCode': 293, 'JurisdictionJudicialDisCode': 293, 'JurisdictionNCSenateDisCode': 293, 'JurisdictionNCHouseDisCode': 293, 'JurisdictionCountyCommDisCode': 293, 'JurisdictionSchoolDistrictCode': 293, 'TelephoneFullNumber': 30152, 'JurisdictionWaterDistrictCode': 165047}
        Row Count: 168660
        
        Please provide:
        1. A summary of the data
        2. Potential data quality issues
        3. Suggestions for data cleaning and normalization

AI Response:
Thank you for providing this detailed information about the CSV structure. I'll analyze it and provide insights as requested.

1. Summary of the data:

This dataset appears to be a voter registration database, likely for a specific county or region in North Carolina. It contains 168,660 records with 30 columns, including personal information, address details, and various jurisdiction codes. The data includes:

- Voter identification (OBJECTID, VoterRegistrationNumber)
- Personal details (Name, Age, Gender, Race, Party affiliation)
- Address information (Residential and Mailing)
- Registration status and date
- Various jurisdiction codes (Precinct, Congressional District, Senate District, etc.)
- Contact information (Telephone number)

2. Potential data quality issues:

a) All columns are of dtype('O') (object), which suggests they're all being treated as strings. This could lead to issues with numerical operations and sorting.

b) High number of null values in several columns:
   - NameSuffix (96.1% null)
   - ResidentialAddressUnit (84.9% null)
   - JurisdictionWaterDistrictCode (97.9% null)
   - JurisdictionMunicipalityCode (55.1% null)
   - NameMiddle (5.5% null)

c) Inconsistent formatting in some fields:
   - JurisdictionPrecinctCode contains decimal values (e.g., '52.09999847')
   - RegistrationDate appears to be in a timestamp format

d) Possible data entry errors or inconsistencies:
   - 3 missing values in NameFirst
   - 12 missing values in ResidentialAddressStreet and ResidentialAddressZipCode

e) Redundant information:
   - NameLastFirstMiddle contains information already present in separate fields

3. Suggestions for data cleaning and normalization:

a) Data type conversion:
   - Convert numerical fields to appropriate types (int or float):
     OBJECTID, VoterRegistrationNumber, AgeAtYearEnd, ResidentialAddressStreetNumber, ResidentialAddressZipCode, TelephoneFullNumber
   - Convert date fields to datetime:
     RegistrationDate

b) Handle null values:
   - For fields like NameSuffix, ResidentialAddressUnit, and JurisdictionWaterDistrictCode, consider if these nulls are meaningful (e.g., no suffix) or if they should be filled with a placeholder like 'N/A'
   - Investigate and potentially remove records with missing crucial information (e.g., NameFirst, ResidentialAddressStreet)

c) Standardize formats:
   - Clean up JurisdictionPrecinctCode to remove unnecessary decimal places
   - Ensure consistent capitalization in text fields (e.g., names, addresses)

d) Address normalization:
   - Split ResidentialAddressCityStateZip and MailingAddressCityStateZip into separate City, State, and ZIP fields for easier querying and analysis

e) Remove redundant information:
   - Consider dropping NameLastFirstMiddle as it's redundant with individual name fields

f) Data validation:
   - Implement checks for valid codes (e.g., PartyCode, RaceCode, GenderCode)
   - Validate phone numbers for correct format

g) Create lookup tables:
   - For codes like PartyCode, RaceCode, and various jurisdiction codes, create separate lookup tables to normalize the database structure

h) Index creation:
   - Create appropriate indexes on frequently queried fields like VoterRegistrationNumber, NameLast, and ZIP codes to improve query performance

By implementing these suggestions, you can significantly improve the data quality, queryability, and overall structure of this voter registration database.