User Message:
Analyze the following CSV structure and provide insights:
        
        Columns: ['OBJECTID', 'VoterRegistrationNumber', 'NameLastFirstMiddle', 'NameLast', 'NameFirst', 'NameMiddle', 'NameSuffix', 'StatusCode', 'PartyCode', 'RaceCode', 'GenderCode', 'AgeAtYearEnd', 'RegistrationDate', 'ResidentialAddressStreetNumber', 'ResidentialAddressStreet', 'ResidentialAddressUnit', 'ResidentialAddressCityStateZip', 'ResidentialAddressZipCode', 'MailingAddressLine1', 'MailingAddressCityStateZip', 'JurisdictionPrecinctCode', 'JurisdictionMunicipalityCode', 'JurisdictionCongDisCode', 'JurisdictionJudicialDisCode', 'JurisdictionNCSenateDisCode', 'JurisdictionNCHouseDisCode', 'JurisdictionCountyCommDisCode', 'JurisdictionSchoolDistrictCode', 'TelephoneFullNumber', 'JurisdictionWaterDistrictCode']
        Data Types: {'OBJECTID': dtype('int64'), 'VoterRegistrationNumber': dtype('int64'), 'NameLastFirstMiddle': dtype('O'), 'NameLast': dtype('O'), 'NameFirst': dtype('O'), 'NameMiddle': dtype('O'), 'NameSuffix': dtype('O'), 'StatusCode': dtype('O'), 'PartyCode': dtype('O'), 'RaceCode': dtype('O'), 'GenderCode': dtype('O'), 'AgeAtYearEnd': dtype('int64'), 'RegistrationDate': dtype('O'), 'ResidentialAddressStreetNumber': dtype('O'), 'ResidentialAddressStreet': dtype('O'), 'ResidentialAddressUnit': dtype('O'), 'ResidentialAddressCityStateZip': dtype('O'), 'ResidentialAddressZipCode': dtype('O'), 'MailingAddressLine1': dtype('O'), 'MailingAddressCityStateZip': dtype('O'), 'JurisdictionPrecinctCode': dtype('O'), 'JurisdictionMunicipalityCode': dtype('O'), 'JurisdictionCongDisCode': dtype('O'), 'JurisdictionJudicialDisCode': dtype('O'), 'JurisdictionNCSenateDisCode': dtype('O'), 'JurisdictionNCHouseDisCode': dtype('O'), 'JurisdictionCountyCommDisCode': dtype('O'), 'JurisdictionSchoolDistrictCode': dtype('O'), 'TelephoneFullNumber': dtype('O'), 'JurisdictionWaterDistrictCode': dtype('O')}
        Sample Data: {'OBJECTID': {0: 1, 1: 2, 2: 3, 3: 4, 4: 5}, 'VoterRegistrationNumber': {0: 378389, 1: 381829, 2: 425478, 3: 425477, 4: 429468}, 'NameLastFirstMiddle': {0: 'A-AKERT, DIANE FAE', 1: 'A-AKERT, WALTER DEAN', 2: 'AAB, KERRI', 3: 'AAB, RICHARD EDWARD', 4: 'AABYE, MEREDITH MICHELLE'}, 'NameLast': {0: 'A-AKERT', 1: 'A-AKERT', 2: 'AAB', 3: 'AAB', 4: 'AABYE'}, 'NameFirst': {0: 'DIANE', 1: 'WALTER', 2: 'KERRI', 3: 'RICHARD', 4: 'MEREDITH'}, 'NameMiddle': {0: 'FAE', 1: 'DEAN', 2: None, 3: 'EDWARD', 4: 'MICHELLE'}, 'NameSuffix': {0: None, 1: None, 2: None, 3: None, 4: None}, 'StatusCode': {0: 'A', 1: 'A', 2: 'A', 3: 'A', 4: 'A'}, 'PartyCode': {0: 'DEM', 1: 'DEM', 2: 'UNA', 3: 'UNA', 4: 'UNA'}, 'RaceCode': {0: 'W', 1: 'W', 2: 'W', 3: 'W', 4: 'W'}, 'GenderCode': {0: 'F', 1: 'M', 2: 'F', 3: 'M', 4: 'F'}, 'AgeAtYearEnd': {0: 68, 1: 72, 2: 50, 3: 43, 4: 43}, 'RegistrationDate': {0: '2012/09/18 00:00:00+00', 1: '2012/10/11 00:00:00+00', 2: '2016/03/16 00:00:00+00', 3: '2016/03/16 00:00:00+00', 4: '2016/06/24 00:00:00+00'}, 'ResidentialAddressStreetNumber': {0: '5', 1: '5', 2: '67', 3: '67', 4: '134'}, 'ResidentialAddressStreet': {0: 'CARTER HILL DR', 1: 'CARTER HILL DR', 2: 'MAGNOLIA FARMS DR', 3: 'MAGNOLIA FARMS DR', 4: 'HEMPHILL RD'}, 'ResidentialAddressUnit': {0: None, 1: None, 2: None, 3: None, 4: None}, 'ResidentialAddressCityStateZip': {0: 'LEICESTER, NC 28748', 1: 'LEICESTER, NC 28748', 2: 'ASHEVILLE, NC 28806', 3: 'ASHEVILLE, NC 28806', 4: 'ASHEVILLE, NC 28803'}, 'ResidentialAddressZipCode': {0: '28748.0', 1: '28748.0', 2: '28806.0', 3: '28806.0', 4: '28803.0'}, 'MailingAddressLine1': {0: '5 CARTER HILL DR', 1: '5 CARTER HILL DR', 2: '67 MAGNOLIA FARMS DR', 3: '67 MAGNOLIA FARMS DR', 4: '134 HEMPHILL RD'}, 'MailingAddressCityStateZip': {0: 'LEICESTER, NC 28748', 1: 'LEICESTER, NC 28748', 2: 'ASHEVILLE, NC 28806', 3: 'ASHEVILLE, NC 28806', 4: 'ASHEVILLE, NC 28803'}, 'JurisdictionPrecinctCode': {0: '52.09999847', 1: '52.09999847', 2: '68.09999847', 3: '68.09999847', 4: '60.20000076'}, 'JurisdictionMunicipalityCode': {0: None, 1: None, 2: None, 3: None, 4: None}, 'JurisdictionCongDisCode': {0: '11.0', 1: '11.0', 2: '11.0', 3: '11.0', 4: '11.0'}, 'JurisdictionJudicialDisCode': {0: '40.0', 1: '40.0', 2: '40.0', 3: '40.0', 4: '40.0'}, 'JurisdictionNCSenateDisCode': {0: '46.0', 1: '46.0', 2: '46.0', 3: '46.0', 4: '49.0'}, 'JurisdictionNCHouseDisCode': {0: '115.0', 1: '115.0', 2: '115.0', 3: '115.0', 4: '114.0'}, 'JurisdictionCountyCommDisCode': {0: 'COM2', 1: 'COM2', 2: 'COM2', 3: 'COM2', 4: 'COM1'}, 'JurisdictionSchoolDistrictCode': {0: 'ERWN', 1: 'ERWN', 2: 'ERWN', 3: 'ERWN', 4: 'REYN'}, 'TelephoneFullNumber': {0: '8285150626.0', 1: '8285150626.0', 2: '8287472580.0', 3: '8282602645.0', 4: '8283298755.0'}, 'JurisdictionWaterDistrictCode': {0: None, 1: None, 2: None, 3: None, 4: None}}
        Null Counts: {'OBJECTID': 0, 'VoterRegistrationNumber': 0, 'NameLastFirstMiddle': 0, 'NameLast': 0, 'NameFirst': 3, 'NameMiddle': 9348, 'NameSuffix': 162138, 'StatusCode': 0, 'PartyCode': 0, 'RaceCode': 0, 'GenderCode': 1, 'AgeAtYearEnd': 0, 'RegistrationDate': 0, 'ResidentialAddressStreetNumber': 0, 'ResidentialAddressStreet': 12, 'ResidentialAddressUnit': 143147, 'ResidentialAddressCityStateZip': 0, 'ResidentialAddressZipCode': 0, 'MailingAddressLine1': 64, 'MailingAddressCityStateZip': 0, 'JurisdictionPrecinctCode': 0, 'JurisdictionMunicipalityCode': 92880, 'JurisdictionCongDisCode': 0, 'JurisdictionJudicialDisCode': 0, 'JurisdictionNCSenateDisCode': 0, 'JurisdictionNCHouseDisCode': 0, 'JurisdictionCountyCommDisCode': 293, 'JurisdictionSchoolDistrictCode': 293, 'TelephoneFullNumber': 0, 'JurisdictionWaterDistrictCode': 165047}
        Row Count: 168660
        
        Please provide:
        1. A summary of the data
        2. Potential data quality issues
        3. Suggestions for data cleaning and normalization

AI Response:
Thank you for providing this detailed information about the CSV structure. I'll analyze it and provide insights as requested.

1. Summary of the data:

This dataset appears to be a voter registration database, likely for a county or region in North Carolina. It contains 168,660 records with 30 columns, including personal information (name, age, gender, race), contact details (address, phone number), voter registration information (registration number, date, status, party affiliation), and various jurisdiction codes for electoral districts.

Key points:
- The data includes both demographic and geographic information about voters.
- It contains sensitive personal information, so proper data handling and privacy measures should be in place.
- The dataset includes various political boundaries and districts, which could be useful for electoral analysis.

2. Potential data quality issues:

a) Null values:
- Several columns have a significant number of null values, particularly:
  - NameSuffix (162,138 nulls, 96.1% of records)
  - JurisdictionWaterDistrictCode (165,047 nulls, 97.9% of records)
  - ResidentialAddressUnit (143,147 nulls, 84.9% of records)
  - JurisdictionMunicipalityCode (92,880 nulls, 55.1% of records)
  - NameMiddle (9,348 nulls, 5.5% of records)

b) Inconsistent data types:
- Many numerical fields are stored as objects (strings), which could lead to issues with sorting and calculations.
- RegistrationDate is stored as a string instead of a datetime object.
- ResidentialAddressZipCode and JurisdictionPrecinctCode are stored as strings with decimal points, which is unusual for these types of codes.

c) Potential formatting issues:
- TelephoneFullNumber is stored with a decimal point, which is unusual for phone numbers.
- Some jurisdiction codes (e.g., JurisdictionPrecinctCode) have unusual formatting with decimal points.

d) Possible data integrity issues:
- The NameLastFirstMiddle column contains redundant information already present in separate fields.
- There are 3 null values in the NameFirst column, which is unexpected for a voter registration database.

3. Suggestions for data cleaning and normalization:

a) Handle null values:
- Investigate the reason for null values in critical fields like NameFirst and decide how to handle them (e.g., remove records or fill with placeholder values).
- For fields with a high percentage of nulls, consider if they are necessary or if they can be removed from the dataset.

b) Correct data types:
- Convert numerical fields stored as objects to appropriate numerical data types (int64 or float64).
- Convert RegistrationDate to a datetime object for easier date-based operations and analysis.
- Convert ResidentialAddressZipCode to an integer or string without decimal points.

c) Standardize formatting:
- Remove decimal points from TelephoneFullNumber and store as a string with a consistent format.
- Standardize jurisdiction codes to remove unnecessary decimal points.

d) Normalize the data:
- Consider splitting the address fields into separate tables to reduce redundancy (e.g., create a separate address table with a foreign key relationship to the main voter table).
- Remove the NameLastFirstMiddle column as it's redundant with the individual name fields.

e) Data validation:
- Implement checks to ensure critical fields like NameFirst are not null.
- Validate phone numbers, zip codes, and other formatted fields to ensure they meet expected patterns.

f) Create derived fields:
- Consider adding a calculated age field based on a reference date, rather than storing AgeAtYearEnd.

g) Implement data governance:
- Ensure proper security measures are in place to protect sensitive personal information.
- Document the data cleaning and normalization process for future reference.

By addressing these issues, you can improve the overall quality and usability of the dataset for analysis and reporting purposes.