User Message:
Analyze the following CSV structure and provide insights:
        
        Columns: ['OBJECTID', 'VoterRegistrationNumber', 'NameLastFirstMiddle', 'NameLast', 'NameFirst', 'NameMiddle', 'NameSuffix', 'StatusCode', 'PartyCode', 'RaceCode', 'GenderCode', 'AgeAtYearEnd', 'RegistrationDate', 'ResidentialAddressStreetNumber', 'ResidentialAddressStreet', 'ResidentialAddressUnit', 'ResidentialAddressCityStateZip', 'ResidentialAddressZipCode', 'MailingAddressLine1', 'MailingAddressCityStateZip', 'JurisdictionPrecinctCode', 'JurisdictionMunicipalityCode', 'JurisdictionCongDisCode', 'JurisdictionJudicialDisCode', 'JurisdictionNCSenateDisCode', 'JurisdictionNCHouseDisCode', 'JurisdictionCountyCommDisCode', 'JurisdictionSchoolDistrictCode', 'TelephoneFullNumber', 'JurisdictionWaterDistrictCode']
        Data Types: {'OBJECTID': dtype('int64'), 'VoterRegistrationNumber': dtype('int64'), 'NameLastFirstMiddle': dtype('O'), 'NameLast': dtype('O'), 'NameFirst': dtype('O'), 'NameMiddle': dtype('O'), 'NameSuffix': dtype('O'), 'StatusCode': dtype('O'), 'PartyCode': dtype('O'), 'RaceCode': dtype('O'), 'GenderCode': dtype('O'), 'AgeAtYearEnd': dtype('int64'), 'RegistrationDate': dtype('O'), 'ResidentialAddressStreetNumber': dtype('O'), 'ResidentialAddressStreet': dtype('O'), 'ResidentialAddressUnit': dtype('O'), 'ResidentialAddressCityStateZip': dtype('O'), 'ResidentialAddressZipCode': dtype('float64'), 'MailingAddressLine1': dtype('O'), 'MailingAddressCityStateZip': dtype('O'), 'JurisdictionPrecinctCode': dtype('float64'), 'JurisdictionMunicipalityCode': dtype('O'), 'JurisdictionCongDisCode': dtype('float64'), 'JurisdictionJudicialDisCode': dtype('float64'), 'JurisdictionNCSenateDisCode': dtype('float64'), 'JurisdictionNCHouseDisCode': dtype('float64'), 'JurisdictionCountyCommDisCode': dtype('O'), 'JurisdictionSchoolDistrictCode': dtype('O'), 'TelephoneFullNumber': dtype('float64'), 'JurisdictionWaterDistrictCode': dtype('O')}
        Sample Data: {'OBJECTID': {0: 1, 1: 2, 2: 3, 3: 4, 4: 5}, 'VoterRegistrationNumber': {0: 378389, 1: 381829, 2: 425478, 3: 425477, 4: 429468}, 'NameLastFirstMiddle': {0: 'A-AKERT, DIANE FAE', 1: 'A-AKERT, WALTER DEAN', 2: 'AAB, KERRI', 3: 'AAB, RICHARD EDWARD', 4: 'AABYE, MEREDITH MICHELLE'}, 'NameLast': {0: 'A-AKERT', 1: 'A-AKERT', 2: 'AAB', 3: 'AAB', 4: 'AABYE'}, 'NameFirst': {0: 'DIANE', 1: 'WALTER', 2: 'KERRI', 3: 'RICHARD', 4: 'MEREDITH'}, 'NameMiddle': {0: 'FAE', 1: 'DEAN', 2: nan, 3: 'EDWARD', 4: 'MICHELLE'}, 'NameSuffix': {0: nan, 1: nan, 2: nan, 3: nan, 4: nan}, 'StatusCode': {0: 'A', 1: 'A', 2: 'A', 3: 'A', 4: 'A'}, 'PartyCode': {0: 'DEM', 1: 'DEM', 2: 'UNA', 3: 'UNA', 4: 'UNA'}, 'RaceCode': {0: 'W', 1: 'W', 2: 'W', 3: 'W', 4: 'W'}, 'GenderCode': {0: 'F', 1: 'M', 2: 'F', 3: 'M', 4: 'F'}, 'AgeAtYearEnd': {0: 68, 1: 72, 2: 50, 3: 43, 4: 43}, 'RegistrationDate': {0: '2012/09/18 00:00:00+00', 1: '2012/10/11 00:00:00+00', 2: '2016/03/16 00:00:00+00', 3: '2016/03/16 00:00:00+00', 4: '2016/06/24 00:00:00+00'}, 'ResidentialAddressStreetNumber': {0: '5', 1: '5', 2: '67', 3: '67', 4: '134'}, 'ResidentialAddressStreet': {0: 'CARTER HILL DR', 1: 'CARTER HILL DR', 2: 'MAGNOLIA FARMS DR', 3: 'MAGNOLIA FARMS DR', 4: 'HEMPHILL RD'}, 'ResidentialAddressUnit': {0: nan, 1: nan, 2: nan, 3: nan, 4: nan}, 'ResidentialAddressCityStateZip': {0: 'LEICESTER, NC 28748', 1: 'LEICESTER, NC 28748', 2: 'ASHEVILLE, NC 28806', 3: 'ASHEVILLE, NC 28806', 4: 'ASHEVILLE, NC 28803'}, 'ResidentialAddressZipCode': {0: 28748.0, 1: 28748.0, 2: 28806.0, 3: 28806.0, 4: 28803.0}, 'MailingAddressLine1': {0: '5 CARTER HILL DR', 1: '5 CARTER HILL DR', 2: '67 MAGNOLIA FARMS DR', 3: '67 MAGNOLIA FARMS DR', 4: '134 HEMPHILL RD'}, 'MailingAddressCityStateZip': {0: 'LEICESTER, NC 28748', 1: 'LEICESTER, NC 28748', 2: 'ASHEVILLE, NC 28806', 3: 'ASHEVILLE, NC 28806', 4: 'ASHEVILLE, NC 28803'}, 'JurisdictionPrecinctCode': {0: 52.09999847, 1: 52.09999847, 2: 68.09999847, 3: 68.09999847, 4: 60.20000076}, 'JurisdictionMunicipalityCode': {0: nan, 1: nan, 2: nan, 3: nan, 4: nan}, 'JurisdictionCongDisCode': {0: 11.0, 1: 11.0, 2: 11.0, 3: 11.0, 4: 11.0}, 'JurisdictionJudicialDisCode': {0: 40.0, 1: 40.0, 2: 40.0, 3: 40.0, 4: 40.0}, 'JurisdictionNCSenateDisCode': {0: 46.0, 1: 46.0, 2: 46.0, 3: 46.0, 4: 49.0}, 'JurisdictionNCHouseDisCode': {0: 115.0, 1: 115.0, 2: 115.0, 3: 115.0, 4: 114.0}, 'JurisdictionCountyCommDisCode': {0: 'COM2', 1: 'COM2', 2: 'COM2', 3: 'COM2', 4: 'COM1'}, 'JurisdictionSchoolDistrictCode': {0: 'ERWN', 1: 'ERWN', 2: 'ERWN', 3: 'ERWN', 4: 'REYN'}, 'TelephoneFullNumber': {0: 8285150626.0, 1: 8285150626.0, 2: 8287472580.0, 3: 8282602645.0, 4: 8283298755.0}, 'JurisdictionWaterDistrictCode': {0: nan, 1: nan, 2: nan, 3: nan, 4: nan}}
        Null Counts: {'OBJECTID': 0, 'VoterRegistrationNumber': 0, 'NameLastFirstMiddle': 0, 'NameLast': 0, 'NameFirst': 3, 'NameMiddle': 9348, 'NameSuffix': 162138, 'StatusCode': 0, 'PartyCode': 0, 'RaceCode': 0, 'GenderCode': 1, 'AgeAtYearEnd': 0, 'RegistrationDate': 0, 'ResidentialAddressStreetNumber': 0, 'ResidentialAddressStreet': 12, 'ResidentialAddressUnit': 143147, 'ResidentialAddressCityStateZip': 0, 'ResidentialAddressZipCode': 12, 'MailingAddressLine1': 64, 'MailingAddressCityStateZip': 0, 'JurisdictionPrecinctCode': 293, 'JurisdictionMunicipalityCode': 92880, 'JurisdictionCongDisCode': 293, 'JurisdictionJudicialDisCode': 293, 'JurisdictionNCSenateDisCode': 293, 'JurisdictionNCHouseDisCode': 293, 'JurisdictionCountyCommDisCode': 293, 'JurisdictionSchoolDistrictCode': 293, 'TelephoneFullNumber': 30152, 'JurisdictionWaterDistrictCode': 165047}
        Row Count: 168660
        
        Please provide:
        1. A summary of the data
        2. Potential data quality issues
        3. Suggestions for data cleaning and normalization

AI Response:
Thank you for providing this detailed information about the CSV structure. I'll provide a summary, highlight potential data quality issues, and offer suggestions for data cleaning and normalization.

1. Summary of the data:

This dataset appears to be a voter registration database, likely for a county or region in North Carolina. It contains 168,660 records with 30 columns, including personal information (name, age, gender, race), contact details (address, phone number), voter registration information (registration number, date, status, party affiliation), and various jurisdiction codes.

Key points:
- The data includes both numerical and categorical variables.
- It contains sensitive personal information, which should be handled with care.
- The dataset provides a comprehensive view of registered voters, including demographic and geographic information.

2. Potential data quality issues:

a) Missing data:
- Several columns have significant numbers of null values, such as NameMiddle (9,348 nulls), NameSuffix (162,138 nulls), and ResidentialAddressUnit (143,147 nulls).
- JurisdictionWaterDistrictCode has 165,047 null values, which is nearly all records.
- JurisdictionMunicipalityCode has 92,880 null values.

b) Data type inconsistencies:
- Some numerical columns are stored as floats instead of integers (e.g., ResidentialAddressZipCode, JurisdictionPrecinctCode).
- RegistrationDate is stored as an object (string) instead of a date type.

c) Potential data entry errors:
- TelephoneFullNumber is stored as a float, which may lead to loss of leading zeros.
- Some jurisdiction codes are stored as floats with unnecessary decimal places (e.g., 52.09999847 for JurisdictionPrecinctCode).

d) Redundant information:
- NameLastFirstMiddle contains information already present in separate fields.
- MailingAddressLine1 often duplicates residential address information.

3. Suggestions for data cleaning and normalization:

a) Handle missing data:
- Investigate the reason for missing values, especially in critical fields like NameFirst.
- Consider removing or imputing missing values based on the nature of the data and analysis requirements.
- For fields like NameSuffix and ResidentialAddressUnit, consider if null values actually represent "Not Applicable" rather than missing data.

b) Correct data types:
- Convert ResidentialAddressZipCode to an integer or string (to preserve leading zeros).
- Change RegistrationDate to a proper date format.
- Convert jurisdiction codes to appropriate integer types.
- Store TelephoneFullNumber as a string to preserve leading zeros.

c) Normalize address data:
- Split ResidentialAddressCityStateZip into separate fields for city, state, and ZIP code.
- Consider creating a separate table for addresses to avoid duplication between residential and mailing addresses.

d) Standardize and validate codes:
- Ensure consistency in codes like StatusCode, PartyCode, RaceCode, and GenderCode.
- Validate that all codes fall within expected ranges or values.

e) Remove redundant information:
- Consider removing NameLastFirstMiddle if it's not necessary for the analysis.

f) Data validation:
- Implement checks for age ranges, valid registration dates, and other logical constraints.
- Verify the integrity of jurisdiction codes and their relationships.

g) Create lookup tables:
- For codes like PartyCode, RaceCode, and various jurisdiction codes, create separate lookup tables to improve data normalization and reduce redundancy.

h) Handle special characters:
- Standardize the handling of special characters in names (e.g., hyphens in "A-AKERT").

i) Consider data anonymization:
- If sharing or analyzing this data, consider anonymizing personal information to protect voter privacy.

By addressing these issues, you can significantly improve the quality and usability of this voter registration dataset for analysis and reporting purposes.